Using pre-set license
Built from '2020.2/release' branch; Version is '2020.2.1f1 (270dd8c3da1c) revision 2559448'; Using compiler version '192528614'; Build Type 'Release'
OS: 'Windows 10  (10.0.0) 64bit' Language: 'fr' Physical Memory: 16304 MB
BatchMode: 1, IsHumanControllingUs: 0, StartBugReporterOnCrash: 0, Is64bit: 1, IsPro: 0

 COMMAND LINE ARGUMENTS:
C:\Program Files\Unity\Hub\Editor\2020.2.1f1\Editor\Unity.exe
-adb2
-batchMode
-noUpm
-name
AssetImportWorker0
-projectPath
C:/Users/totof/Documents/Unity/Ludum_Dare_48/Ludum_Dare_48
-logFile
Logs/AssetImportWorker0.log
-srvPort
62615
Successfully changed project path to: C:/Users/totof/Documents/Unity/Ludum_Dare_48/Ludum_Dare_48
C:/Users/totof/Documents/Unity/Ludum_Dare_48/Ludum_Dare_48
Using Asset Import Pipeline V2.
Refreshing native plugins compatible for Editor in 26.66 ms, found 1 plugins.
Preloading 0 native plugins for Editor in 0.00 ms.
Initialize engine version: 2020.2.1f1 (270dd8c3da1c)
[Subsystems] Discovering subsystems at path C:/Program Files/Unity/Hub/Editor/2020.2.1f1/Editor/Data/Resources/UnitySubsystems
[Subsystems] Discovering subsystems at path C:/Users/totof/Documents/Unity/Ludum_Dare_48/Ludum_Dare_48/Assets
GfxDevice: creating device client; threaded=0
Direct3D:
    Version:  Direct3D 11.0 [level 11.1]
    Renderer: NVIDIA GeForce RTX 2060 SUPER (ID=0x1f06)
    Vendor:   
    VRAM:     8031 MB
    Driver:   27.21.14.6589
Initialize mono
Mono path[0] = 'C:/Program Files/Unity/Hub/Editor/2020.2.1f1/Editor/Data/Managed'
Mono path[1] = 'C:/Program Files/Unity/Hub/Editor/2020.2.1f1/Editor/Data/MonoBleedingEdge/lib/mono/unityjit'
Mono config path = 'C:/Program Files/Unity/Hub/Editor/2020.2.1f1/Editor/Data/MonoBleedingEdge/etc'
Using monoOptions --debugger-agent=transport=dt_socket,embedding=1,server=y,suspend=n,address=127.0.0.1:56732
Begin MonoManager ReloadAssembly
Registering precompiled unity dll's ...
Register platform support module: C:/Program Files/Unity/Hub/Editor/2020.2.1f1/Editor/Data/PlaybackEngines/WindowsStandaloneSupport/UnityEditor.WindowsStandalone.Extensions.dll
Registered in 0.001204 seconds.
Native extension for WindowsStandalone target not found
Refreshing native plugins compatible for Editor in 25.66 ms, found 1 plugins.
Preloading 0 native plugins for Editor in 0.00 ms.
Invoked RoslynAnalysisRunner static constructor.
RoslynAnalysisRunner will not be running.
RoslynAnalysisRunner has terminated.
Mono: successfully reloaded assembly
- Completed reload, in  1.396 seconds
Platform modules already initialized, skipping
Registering precompiled user dll's ...
Registered in 0.000660 seconds.
Begin MonoManager ReloadAssembly
Native extension for WindowsStandalone target not found
Refreshing native plugins compatible for Editor in 26.25 ms, found 1 plugins.
Preloading 0 native plugins for Editor in 0.00 ms.
Invoked RoslynAnalysisRunner static constructor.
RoslynAnalysisRunner will not be running.
RoslynAnalysisRunner has terminated.
Mono: successfully reloaded assembly
- Completed reload, in  0.670 seconds
Platform modules already initialized, skipping
========================================================================
Worker process is ready to serve import requests
Launched and connected shader compiler UnityShaderCompiler.exe after 0.02 seconds
Refreshing native plugins compatible for Editor in 0.31 ms, found 1 plugins.
Preloading 0 native plugins for Editor in 0.00 ms.
Unloading 1767 Unused Serialized files (Serialized files now loaded: 0)
System memory in use before: 83.0 MB.
System memory in use after: 83.1 MB.

Unloading 19 unused Assets to reduce memory usage. Loaded Objects now: 2211.
Total: 1.679100 ms (FindLiveObjects: 0.173300 ms CreateObjectMapping: 0.077600 ms MarkObjects: 1.388300 ms  DeleteObjects: 0.039200 ms)

========================================================================
Received Import Request.
  path: Assets
  artifactKey: Guid(00000000000000001000000000000000) Importer(815301076,1909f56bfc062723c751e8b465ee728b)
Start importing Assets using Guid(00000000000000001000000000000000) Importer(815301076,1909f56bfc062723c751e8b465ee728b)  -> (artifact id: 'e1a2c4dac9df7c17871e19a3b74f0e9f') in 0.007475 seconds
  Import took 0.009940 seconds .

========================================================================
Received Import Request.
  Time since last request: 159.584268 seconds.
  path: Assets/DOTween
  artifactKey: Guid(68bc1952aac6a694e8036bf71bfca09d) Importer(815301076,1909f56bfc062723c751e8b465ee728b)
Start importing Assets/DOTween using Guid(68bc1952aac6a694e8036bf71bfca09d) Importer(815301076,1909f56bfc062723c751e8b465ee728b)  -> (artifact id: '567ecd3adcc8a6f99fe866e23eb87f16') in 0.004736 seconds
  Import took 0.007290 seconds .

========================================================================
Received Import Request.
  Time since last request: 3.417558 seconds.
  path: Assets/DOTween/Modules
  artifactKey: Guid(e3bac525d693dc94bae171b85575686f) Importer(815301076,1909f56bfc062723c751e8b465ee728b)
Start importing Assets/DOTween/Modules using Guid(e3bac525d693dc94bae171b85575686f) Importer(815301076,1909f56bfc062723c751e8b465ee728b)  -> (artifact id: 'a14f389ea286a5252a5e633be52a786a') in 0.006037 seconds
  Import took 0.008910 seconds .

========================================================================
Received Import Request.
  Time since last request: 1.532570 seconds.
  path: Assets/DOTween/Modules/DOTweenModuleAudio.cs
  artifactKey: Guid(9fc821ec86e5acf499920fe20d0322ce) Importer(815301076,1909f56bfc062723c751e8b465ee728b)
Start importing Assets/DOTween/Modules/DOTweenModuleAudio.cs using Guid(9fc821ec86e5acf499920fe20d0322ce) Importer(815301076,1909f56bfc062723c751e8b465ee728b)  -> (artifact id: '59aadb0f1356aa3e5abf1bac983a43f2') in 0.014907 seconds
  Import took 0.017131 seconds .

========================================================================
Received Import Request.
  Time since last request: 0.010032 seconds.
  path: Assets/DOTween/Modules/DOTweenModuleAudio.cs
  artifactKey: Guid(9fc821ec86e5acf499920fe20d0322ce) Importer(815301076,1909f56bfc062723c751e8b465ee728b)
Start importing Assets/DOTween/Modules/DOTweenModuleAudio.cs using Guid(9fc821ec86e5acf499920fe20d0322ce) Importer(815301076,1909f56bfc062723c751e8b465ee728b)  -> (artifact id: '59aadb0f1356aa3e5abf1bac983a43f2') in 0.001441 seconds
  Import took 0.003759 seconds .

========================================================================
Received Prepare
Registering precompiled user dll's ...
Registered in 0.001561 seconds.
Begin MonoManager ReloadAssembly
Native extension for WindowsStandalone target not found
Refreshing native plugins compatible for Editor in 0.31 ms, found 1 plugins.
Preloading 0 native plugins for Editor in 0.00 ms.
Invoked RoslynAnalysisRunner static constructor.
RoslynAnalysisRunner will not be running.
RoslynAnalysisRunner has terminated.
Mono: successfully reloaded assembly
- Completed reload, in  0.629 seconds
Platform modules already initialized, skipping
Refreshing native plugins compatible for Editor in 0.32 ms, found 1 plugins.
Preloading 0 native plugins for Editor in 0.00 ms.
Unloading 1768 Unused Serialized files (Serialized files now loaded: 0)
System memory in use before: 83.2 MB.
System memory in use after: 83.3 MB.

Unloading 11 unused Assets to reduce memory usage. Loaded Objects now: 2226.
Total: 1.399400 ms (FindLiveObjects: 0.164700 ms CreateObjectMapping: 0.063500 ms MarkObjects: 1.157400 ms  DeleteObjects: 0.012000 ms)

========================================================================
Received Import Request.
  Time since last request: 2.517106 seconds.
  path: Assets/DOTween/Modules/DOTweenModulePhysics.cs
  artifactKey: Guid(021d031e65b87bb4fb034170432c055a) Importer(815301076,1909f56bfc062723c751e8b465ee728b)
Start importing Assets/DOTween/Modules/DOTweenModulePhysics.cs using Guid(021d031e65b87bb4fb034170432c055a) Importer(815301076,1909f56bfc062723c751e8b465ee728b)  -> (artifact id: '23c29a00f10af486be23c00e589a3f23') in 0.007446 seconds
  Import took 0.009658 seconds .

========================================================================
Received Prepare
Registering precompiled user dll's ...
Registered in 0.001161 seconds.
Begin MonoManager ReloadAssembly
Native extension for WindowsStandalone target not found
Refreshing native plugins compatible for Editor in 0.32 ms, found 1 plugins.
Preloading 0 native plugins for Editor in 0.00 ms.
Invoked RoslynAnalysisRunner static constructor.
RoslynAnalysisRunner will not be running.
RoslynAnalysisRunner has terminated.
Mono: successfully reloaded assembly
- Completed reload, in  0.625 seconds
Platform modules already initialized, skipping
Refreshing native plugins compatible for Editor in 0.29 ms, found 1 plugins.
Preloading 0 native plugins for Editor in 0.00 ms.
Unloading 1767 Unused Serialized files (Serialized files now loaded: 0)
System memory in use before: 83.2 MB.
System memory in use after: 83.3 MB.

Unloading 10 unused Assets to reduce memory usage. Loaded Objects now: 2228.
Total: 1.427100 ms (FindLiveObjects: 0.196700 ms CreateObjectMapping: 0.053000 ms MarkObjects: 1.163600 ms  DeleteObjects: 0.012600 ms)

========================================================================
Received Import Request.
  Time since last request: 45.561095 seconds.
  path: Assets/Resources
  artifactKey: Guid(d701d69fa32304d4480ed376261b456f) Importer(815301076,1909f56bfc062723c751e8b465ee728b)
Start importing Assets/Resources using Guid(d701d69fa32304d4480ed376261b456f) Importer(815301076,1909f56bfc062723c751e8b465ee728b)  -> (artifact id: '3e4dd28a02aebfad50945c25a86e09f7') in 0.007616 seconds
  Import took 0.010011 seconds .

========================================================================
Received Import Request.
  Time since last request: 10.667608 seconds.
  path: Assets/Graphic
  artifactKey: Guid(2232eedaea274144795f3b5aebd32e04) Importer(815301076,1909f56bfc062723c751e8b465ee728b)
Start importing Assets/Graphic using Guid(2232eedaea274144795f3b5aebd32e04) Importer(815301076,1909f56bfc062723c751e8b465ee728b)  -> (artifact id: '875f834fc6d2146c06c33cdab83ddc63') in 0.005442 seconds
  Import took 0.007659 seconds .

========================================================================
Received Import Request.
  Time since last request: 9.920787 seconds.
  path: Assets/Scenes
  artifactKey: Guid(41123e2de6d42764c87ce713eae3ea69) Importer(815301076,1909f56bfc062723c751e8b465ee728b)
Start importing Assets/Scenes using Guid(41123e2de6d42764c87ce713eae3ea69) Importer(815301076,1909f56bfc062723c751e8b465ee728b)  -> (artifact id: 'ea6f5421654a7534343ed04d5c5bac7d') in 0.005012 seconds
  Import took 0.007207 seconds .

========================================================================
Received Import Request.
  Time since last request: 9.131425 seconds.
  path: Assets/Script
  artifactKey: Guid(16632fdd0a8c61442942985e442b3754) Importer(815301076,1909f56bfc062723c751e8b465ee728b)
Start importing Assets/Script using Guid(16632fdd0a8c61442942985e442b3754) Importer(815301076,1909f56bfc062723c751e8b465ee728b)  -> (artifact id: 'e06f1563431e52af2173a2d80d116bc9') in 0.005033 seconds
  Import took 0.007328 seconds .

========================================================================
Received Import Request.
  Time since last request: 11.132441 seconds.
  path: Assets/Script/TestTweenScript.cs
  artifactKey: Guid(8fcf5db88a6fa504d93db67c437e956f) Importer(815301076,1909f56bfc062723c751e8b465ee728b)
Start importing Assets/Script/TestTweenScript.cs using Guid(8fcf5db88a6fa504d93db67c437e956f) Importer(815301076,1909f56bfc062723c751e8b465ee728b)  -> (artifact id: '821a6491fa241bd7542131d0a0abc1b4') in 0.005259 seconds
  Import took 0.007749 seconds .

========================================================================
Received Prepare
Registering precompiled user dll's ...
Registered in 0.001165 seconds.
Begin MonoManager ReloadAssembly
Native extension for WindowsStandalone target not found
Refreshing native plugins compatible for Editor in 0.30 ms, found 1 plugins.
Preloading 0 native plugins for Editor in 0.00 ms.
Invoked RoslynAnalysisRunner static constructor.
RoslynAnalysisRunner will not be running.
RoslynAnalysisRunner has terminated.
Mono: successfully reloaded assembly
- Completed reload, in  0.617 seconds
Platform modules already initialized, skipping
Refreshing native plugins compatible for Editor in 0.31 ms, found 1 plugins.
Preloading 0 native plugins for Editor in 0.00 ms.
Unloading 1768 Unused Serialized files (Serialized files now loaded: 0)
System memory in use before: 83.3 MB.
System memory in use after: 83.5 MB.

Unloading 10 unused Assets to reduce memory usage. Loaded Objects now: 2231.
Total: 1.445200 ms (FindLiveObjects: 0.158700 ms CreateObjectMapping: 0.064600 ms MarkObjects: 1.209000 ms  DeleteObjects: 0.011900 ms)

========================================================================
Received Prepare
Registering precompiled user dll's ...
Registered in 0.001349 seconds.
Begin MonoManager ReloadAssembly
Native extension for WindowsStandalone target not found
Refreshing native plugins compatible for Editor in 0.31 ms, found 1 plugins.
Preloading 0 native plugins for Editor in 0.00 ms.
Invoked RoslynAnalysisRunner static constructor.
RoslynAnalysisRunner will not be running.
RoslynAnalysisRunner has terminated.
Mono: successfully reloaded assembly
- Completed reload, in  0.636 seconds
Platform modules already initialized, skipping
Refreshing native plugins compatible for Editor in 0.27 ms, found 1 plugins.
Preloading 0 native plugins for Editor in 0.00 ms.
Unloading 1768 Unused Serialized files (Serialized files now loaded: 0)
System memory in use before: 83.4 MB.
System memory in use after: 83.5 MB.

Unloading 10 unused Assets to reduce memory usage. Loaded Objects now: 2233.
Total: 1.507800 ms (FindLiveObjects: 0.191200 ms CreateObjectMapping: 0.078400 ms MarkObjects: 1.225500 ms  DeleteObjects: 0.011900 ms)

========================================================================
Received Prepare
Registering precompiled user dll's ...
Registered in 0.001285 seconds.
Begin MonoManager ReloadAssembly
Native extension for WindowsStandalone target not found
Refreshing native plugins compatible for Editor in 0.30 ms, found 1 plugins.
Preloading 0 native plugins for Editor in 0.00 ms.
Invoked RoslynAnalysisRunner static constructor.
RoslynAnalysisRunner will not be running.
RoslynAnalysisRunner has terminated.
Mono: successfully reloaded assembly
- Completed reload, in  0.629 seconds
Platform modules already initialized, skipping
Refreshing native plugins compatible for Editor in 0.28 ms, found 1 plugins.
Preloading 0 native plugins for Editor in 0.00 ms.
Unloading 1768 Unused Serialized files (Serialized files now loaded: 0)
System memory in use before: 83.5 MB.
System memory in use after: 83.6 MB.

Unloading 10 unused Assets to reduce memory usage. Loaded Objects now: 2235.
Total: 1.497500 ms (FindLiveObjects: 0.204000 ms CreateObjectMapping: 0.071100 ms MarkObjects: 1.210500 ms  DeleteObjects: 0.011100 ms)

========================================================================
Received Prepare
Registering precompiled user dll's ...
Registered in 0.001224 seconds.
Begin MonoManager ReloadAssembly
Native extension for WindowsStandalone target not found
Refreshing native plugins compatible for Editor in 0.30 ms, found 1 plugins.
Preloading 0 native plugins for Editor in 0.00 ms.
Invoked RoslynAnalysisRunner static constructor.
RoslynAnalysisRunner will not be running.
RoslynAnalysisRunner has terminated.
Mono: successfully reloaded assembly
- Completed reload, in  0.626 seconds
Platform modules already initialized, skipping
Refreshing native plugins compatible for Editor in 0.29 ms, found 1 plugins.
Preloading 0 native plugins for Editor in 0.00 ms.
Unloading 1768 Unused Serialized files (Serialized files now loaded: 0)
System memory in use before: 83.6 MB.
System memory in use after: 83.7 MB.

Unloading 10 unused Assets to reduce memory usage. Loaded Objects now: 2237.
Total: 1.492600 ms (FindLiveObjects: 0.146800 ms CreateObjectMapping: 0.059400 ms MarkObjects: 1.273200 ms  DeleteObjects: 0.011900 ms)

========================================================================
Received Prepare
Registering precompiled user dll's ...
Registered in 0.001166 seconds.
Begin MonoManager ReloadAssembly
Native extension for WindowsStandalone target not found
Refreshing native plugins compatible for Editor in 0.29 ms, found 1 plugins.
Preloading 0 native plugins for Editor in 0.00 ms.
Invoked RoslynAnalysisRunner static constructor.
RoslynAnalysisRunner will not be running.
RoslynAnalysisRunner has terminated.
Mono: successfully reloaded assembly
- Completed reload, in  0.619 seconds
Platform modules already initialized, skipping
Refreshing native plugins compatible for Editor in 0.30 ms, found 1 plugins.
Preloading 0 native plugins for Editor in 0.00 ms.
Unloading 1768 Unused Serialized files (Serialized files now loaded: 0)
System memory in use before: 83.7 MB.
System memory in use after: 83.8 MB.

Unloading 10 unused Assets to reduce memory usage. Loaded Objects now: 2239.
Total: 1.429700 ms (FindLiveObjects: 0.165600 ms CreateObjectMapping: 0.062100 ms MarkObjects: 1.190500 ms  DeleteObjects: 0.010700 ms)

========================================================================
Received Import Request.
  Time since last request: 288.849631 seconds.
  path: Assets/Graphic/PwetSquare.png
  artifactKey: Guid(5d477acf528db2d45ac109cc1c9c5ee5) Importer(815301076,1909f56bfc062723c751e8b465ee728b)
Start importing Assets/Graphic/PwetSquare.png using Guid(5d477acf528db2d45ac109cc1c9c5ee5) Importer(815301076,1909f56bfc062723c751e8b465ee728b)  -> (artifact id: 'edb287a791e9dc47884a24d035c1ba41') in 0.077576 seconds
  Import took 0.080034 seconds .

